0 info it worked if it ends with ok
1 verbose cli [ '/usr/bin/nodejs', '/usr/bin/npm', 'run', 'debug' ]
2 info using npm@2.15.0
3 info using node@v4.4.2
4 verbose run-script [ 'predebug', 'debug', 'postdebug' ]
5 info predebug mtrCFP@1.0.0
6 info debug mtrCFP@1.0.0
7 verbose unsafe-perm in lifecycle true
8 info mtrCFP@1.0.0 Failed to exec debug script
9 verbose stack Error: mtrCFP@1.0.0 debug: `PORTS=${npm_package_config_server} logLevel=${npm_package_config_logLevel} node ./server/server.js`
9 verbose stack Exit status 1
9 verbose stack     at EventEmitter.<anonymous> (/usr/lib/node_modules/npm/lib/utils/lifecycle.js:217:16)
9 verbose stack     at emitTwo (events.js:87:13)
9 verbose stack     at EventEmitter.emit (events.js:172:7)
9 verbose stack     at ChildProcess.<anonymous> (/usr/lib/node_modules/npm/lib/utils/spawn.js:24:14)
9 verbose stack     at emitTwo (events.js:87:13)
9 verbose stack     at ChildProcess.emit (events.js:172:7)
9 verbose stack     at maybeClose (internal/child_process.js:827:16)
9 verbose stack     at Process.ChildProcess._handle.onexit (internal/child_process.js:211:5)
10 verbose pkgid mtrCFP@1.0.0
11 verbose cwd /home/ronny/git_managed_projects/zdf/mtr3_cfp
12 error Linux 4.2.0-35-generic
13 error argv "/usr/bin/nodejs" "/usr/bin/npm" "run" "debug"
14 error node v4.4.2
15 error npm  v2.15.0
16 error code ELIFECYCLE
17 error mtrCFP@1.0.0 debug: `PORTS=${npm_package_config_server} logLevel=${npm_package_config_logLevel} node ./server/server.js`
17 error Exit status 1
18 error Failed at the mtrCFP@1.0.0 debug script 'PORTS=${npm_package_config_server} logLevel=${npm_package_config_logLevel} node ./server/server.js'.
18 error This is most likely a problem with the mtrCFP package,
18 error not with npm itself.
18 error Tell the author that this fails on your system:
18 error     PORTS=${npm_package_config_server} logLevel=${npm_package_config_logLevel} node ./server/server.js
18 error You can get information on how to open an issue for this project with:
18 error     npm bugs mtrCFP
18 error Or if that isn't available, you can get their info via:
18 error
18 error     npm owner ls mtrCFP
18 error There is likely additional logging output above.
19 verbose exit [ 1, true ]
